[    0.000000] Initializing cgroup subsys cpuset
[    0.000000] Initializing cgroup subsys cpu
[    0.000000] Initializing cgroup subsys cpuacct
[    0.000000] Linux version 4.4.0-157-generic (buildd@lgw01-amd64-037) (gcc version 5.4.0 20160609 (Ubuntu 5.4.0-6ubuntu1~16.04.10) ) #185-Ubuntu SMP Tue Jul 23 09:17:01 UTC 2019 (Ubuntu 4.4.0-157.185-generic 4.4.181)
[    0.000000] Command line: BOOT_IMAGE=/boot/vmlinuz-4.4.0-157-generic root=LABEL=cloudimg-rootfs ro console=tty1 console=ttyS0
[    0.000000] KERNEL supported cpus:
[    0.000000]   Intel GenuineIntel
[    0.000000]   AMD AuthenticAMD
[    0.000000]   Centaur CentaurHauls
[    0.000000] x86/fpu: xstate_offset[2]:  576, xstate_sizes[2]:  256
[    0.000000] x86/fpu: Supporting XSAVE feature 0x01: 'x87 floating point registers'
[    0.000000] x86/fpu: Supporting XSAVE feature 0x02: 'SSE registers'
[    0.000000] x86/fpu: Supporting XSAVE feature 0x04: 'AVX registers'
[    0.000000] x86/fpu: Enabled xstate features 0x7, context size is 832 bytes, using 'standard' format.
[    0.000000] e820: BIOS-provided physical RAM map:
[    0.000000] BIOS-e820: [mem 0x0000000000000000-0x000000000009fbff] usable
[    0.000000] BIOS-e820: [mem 0x000000000009fc00-0x000000000009ffff] reserved
[    0.000000] BIOS-e820: [mem 0x00000000000f0000-0x00000000000fffff] reserved
[    0.000000] BIOS-e820: [mem 0x0000000000100000-0x000000003ffeffff] usable
[    0.000000] BIOS-e820: [mem 0x000000003fff0000-0x000000003fffffff] ACPI data
[    0.000000] BIOS-e820: [mem 0x00000000fec00000-0x00000000fec00fff] reserved
[    0.000000] BIOS-e820: [mem 0x00000000fee00000-0x00000000fee00fff] reserved
[    0.000000] BIOS-e820: [mem 0x00000000fffc0000-0x00000000ffffffff] reserved
[    0.000000] NX (Execute Disable) protection: active
[    0.000000] SMBIOS 2.5 present.
[    0.000000] Hypervisor detected: KVM
[    0.000000] e820: last_pfn = 0x3fff0 max_arch_pfn = 0x400000000
[    0.000000] MTRR: Disabled
[    0.000000] x86/PAT: MTRRs disabled, skipping PAT initialization too.
[    0.000000] CPU MTRRs all blank - virtualized system.
[    0.000000] x86/PAT: Configuration [0-7]: WB  WT  UC- UC  WB  WT  UC- UC  
[    0.000000] found SMP MP-table at [mem 0x0009fff0-0x0009ffff] mapped at [ffff88000009fff0]
[    0.000000] Scanning 1 areas for low memory corruption
[    0.000000] RAMDISK: [mem 0x362fc000-0x37175fff]
[    0.000000] ACPI: Early table checksum verification disabled
[    0.000000] ACPI: RSDP 0x00000000000E0000 000024 (v02 VBOX  )
[    0.000000] ACPI: XSDT 0x000000003FFF0030 00003C (v01 VBOX   VBOXXSDT 00000001 ASL  00000061)
[    0.000000] ACPI: FACP 0x000000003FFF00F0 0000F4 (v04 VBOX   VBOXFACP 00000001 ASL  00000061)
[    0.000000] ACPI: DSDT 0x000000003FFF0470 0022EA (v02 VBOX   VBOXBIOS 00000002 INTL 20100528)
[    0.000000] ACPI: FACS 0x000000003FFF0200 000040
[    0.000000] ACPI: FACS 0x000000003FFF0200 000040
[    0.000000] ACPI: APIC 0x000000003FFF0240 00005C (v02 VBOX   VBOXAPIC 00000001 ASL  00000061)
[    0.000000] ACPI: SSDT 0x000000003FFF02A0 0001CC (v01 VBOX   VBOXCPUT 00000002 INTL 20100528)
[    0.000000] No NUMA configuration found
[    0.000000] Faking a node at [mem 0x0000000000000000-0x000000003ffeffff]
[    0.000000] NODE_DATA(0) allocated [mem 0x3ffeb000-0x3ffeffff]
[    0.000000] kvm-clock: Using msrs 4b564d01 and 4b564d00
[    0.000000] kvm-clock: cpu 0, msr 0:3ffe3001, primary cpu clock
[    0.000000] kvm-clock: using sched offset of 3861562843 cycles
[    0.000000] clocksource: kvm-clock: mask: 0xffffffffffffffff max_cycles: 0x1cd42e4dffb, max_idle_ns: 881590591483 ns
[    0.000000] Zone ranges:
[    0.000000]   DMA      [mem 0x0000000000001000-0x0000000000ffffff]
[    0.000000]   DMA32    [mem 0x0000000001000000-0x000000003ffeffff]
[    0.000000]   Normal   empty
[    0.000000]   Device   empty
[    0.000000] Movable zone start for each node
[    0.000000] Early memory node ranges
[    0.000000]   node   0: [mem 0x0000000000001000-0x000000000009efff]
[    0.000000]   node   0: [mem 0x0000000000100000-0x000000003ffeffff]
[    0.000000] Initmem setup node 0 [mem 0x0000000000001000-0x000000003ffeffff]
[    0.000000] ACPI: PM-Timer IO Port: 0x4008
[    0.000000] IOAPIC[0]: apic_id 2, version 32, address 0xfec00000, GSI 0-23
[    0.000000] ACPI: INT_SRC_OVR (bus 0 bus_irq 0 global_irq 2 dfl dfl)
[    0.000000] ACPI: INT_SRC_OVR (bus 0 bus_irq 9 global_irq 9 low level)
[    0.000000] Using ACPI (MADT) for SMP configuration information
[    0.000000] smpboot: Allowing 2 CPUs, 0 hotplug CPUs
[    0.000000] PM: Registered nosave memory: [mem 0x00000000-0x00000fff]
[    0.000000] PM: Registered nosave memory: [mem 0x0009f000-0x0009ffff]
[    0.000000] PM: Registered nosave memory: [mem 0x000a0000-0x000effff]
[    0.000000] PM: Registered nosave memory: [mem 0x000f0000-0x000fffff]
[    0.000000] e820: [mem 0x40000000-0xfebfffff] available for PCI devices
[    0.000000] Booting paravirtualized kernel on KVM
[    0.000000] clocksource: refined-jiffies: mask: 0xffffffff max_cycles: 0xffffffff, max_idle_ns: 7645519600211568 ns
[    0.000000] setup_percpu: NR_CPUS:512 nr_cpumask_bits:512 nr_cpu_ids:2 nr_node_ids:1
[    0.000000] PERCPU: Embedded 34 pages/cpu @ffff88003fc00000 s99544 r8192 d31528 u1048576
[    0.000000] Built 1 zonelists in Node order, mobility grouping on.  Total pages: 257912
[    0.000000] Policy zone: DMA32
[    0.000000] Kernel command line: BOOT_IMAGE=/boot/vmlinuz-4.4.0-157-generic root=LABEL=cloudimg-rootfs ro console=tty1 console=ttyS0
[    0.000000] PID hash table entries: 4096 (order: 3, 32768 bytes)
[    0.000000] Memory: 997736K/1048120K available (8618K kernel code, 1335K rwdata, 4032K rodata, 1484K init, 1284K bss, 50384K reserved, 0K cma-reserved)
[    0.000000] SLUB: HWalign=64, Order=0-3, MinObjects=0, CPUs=2, Nodes=1
[    0.000000] Kernel/User page tables isolation: enabled
[    0.000000] Hierarchical RCU implementation.
[    0.000000] 	Build-time adjustment of leaf fanout to 64.
[    0.000000] 	RCU restricting CPUs from NR_CPUS=512 to nr_cpu_ids=2.
[    0.000000] RCU: Adjusting geometry for rcu_fanout_leaf=64, nr_cpu_ids=2
[    0.000000] NR_IRQS:33024 nr_irqs:440 16
[    0.000000] Console: colour VGA+ 80x25
[    0.000000] console [tty1] enabled
[    0.000000] console [ttyS0] enabled
[    0.000000] tsc: Detected 2712.006 MHz processor
[    0.270447] Calibrating delay loop (skipped) preset value.. 5424.01 BogoMIPS (lpj=10848024)
[    0.273173] pid_max: default: 32768 minimum: 301
[    0.274491] ACPI: Core revision 20150930
[    0.277942] ACPI: 2 ACPI AML tables successfully acquired and loaded
[    0.279896] Security Framework initialized
[    0.281030] Yama: becoming mindful.
[    0.282280] AppArmor: AppArmor initialized
[    0.283513] Dentry cache hash table entries: 131072 (order: 8, 1048576 bytes)
[    0.289608] Inode-cache hash table entries: 65536 (order: 7, 524288 bytes)
[    0.291542] Mount-cache hash table entries: 2048 (order: 2, 16384 bytes)
[    0.293895] Mountpoint-cache hash table entries: 2048 (order: 2, 16384 bytes)
[    0.296387] Initializing cgroup subsys io
[    0.298451] Initializing cgroup subsys memory
[    0.300061] Initializing cgroup subsys devices
[    0.301709] Initializing cgroup subsys freezer
[    0.303222] Initializing cgroup subsys net_cls
[    0.304864] Initializing cgroup subsys perf_event
[    0.306699] Initializing cgroup subsys net_prio
[    0.308273] Initializing cgroup subsys hugetlb
[    0.310301] Initializing cgroup subsys pids
[    0.314161] mce: CPU supports 0 MCE banks
[    0.315766] Last level iTLB entries: 4KB 64, 2MB 8, 4MB 8
[    0.317464] Last level dTLB entries: 4KB 64, 2MB 0, 4MB 0, 1GB 4
[    0.319074] Spectre V2 : Mitigation: Full generic retpoline
[    0.320631] Spectre V2 : Spectre v2 / SpectreRSB mitigation: Filling RSB on context switch
[    0.323366] Speculative Store Bypass: Vulnerable
[    0.325094] MDS: Vulnerable: Clear CPU buffers attempted, no microcode
[    0.332123] Freeing SMP alternatives memory: 36K
[    0.344833] ftrace: allocating 32312 entries in 127 pages
[    0.469148] smpboot: APIC(0) Converting physical 0 to logical package 0
[    0.471640] smpboot: Max logical packages: 1
[    0.473513] x2apic enabled
[    0.474989] Switched APIC routing to physical x2apic.
[    0.480216] ..TIMER: vector=0x30 apic1=0 pin1=2 apic2=-1 pin2=-1
[    0.589698] smpboot: CPU0: Intel(R) Core(TM) i5-7200U CPU @ 2.50GHz (family: 0x6, model: 0x8e, stepping: 0x9)
[    0.593357] Performance Events: unsupported p6 CPU model 142 no PMU driver, software events only.
[    0.618869] KVM setup paravirtual spinlock
[    0.621387] x86: Booting SMP configuration:
[    0.622620] .... node  #0, CPUs:      #1
[    0.623782] kvm-clock: cpu 1, msr 0:3ffe3041, secondary cpu clock
[    0.627136] mce: CPU supports 0 MCE banks
[    0.630479] x86: Booted up 1 node, 2 CPUs
[    0.632356] smpboot: Total of 2 processors activated (10848.02 BogoMIPS)
[    0.635304] devtmpfs: initialized
[    0.638968] evm: security.selinux
[    0.640138] evm: security.SMACK64
[    0.641580] evm: security.SMACK64EXEC
[    0.643072] evm: security.SMACK64TRANSMUTE
[    0.644718] evm: security.SMACK64MMAP
[    0.646404] evm: security.ima
[    0.647434] evm: security.capability
[    0.649126] clocksource: jiffies: mask: 0xffffffff max_cycles: 0xffffffff, max_idle_ns: 7645041785100000 ns
[    0.652305] futex hash table entries: 512 (order: 3, 32768 bytes)
[    0.654519] pinctrl core: initialized pinctrl subsystem
[    0.656509] RTC time: 14:23:56, date: 08/15/19
[    0.658336] NET: Registered protocol family 16
[    0.669113] cpuidle: using governor ladder
[    0.682308] cpuidle: using governor menu
[    0.684041] PCCT header not found.
[    0.685551] ACPI: bus type PCI registered
[    0.687149] acpiphp: ACPI Hot Plug PCI Controller Driver version: 0.5
[    0.689468] PCI: Using configuration type 1 for base access
[    0.707478] ACPI: Added _OSI(Module Device)
[    0.709360] ACPI: Added _OSI(Processor Device)
[    0.711329] ACPI: Added _OSI(3.0 _SCP Extensions)
[    0.713526] ACPI: Added _OSI(Processor Aggregator Device)
[    0.716724] ACPI: Executed 1 blocks of module-level executable AML code
[    0.723243] ACPI: Interpreter enabled
[    0.724729] ACPI: (supports S0 S5)
[    0.726084] ACPI: Using IOAPIC for interrupt routing
[    0.728213] PCI: Using host bridge windows from ACPI; if necessary, use "pci=nocrs" and report a bug
[    0.738427] ACPI: PCI Root Bridge [PCI0] (domain 0000 [bus 00-ff])
[    0.740400] acpi PNP0A03:00: _OSC: OS supports [ASPM ClockPM Segments MSI]
[    0.743381] acpi PNP0A03:00: _OSC: not requesting OS control; OS requires [ExtendedConfig ASPM ClockPM MSI]
[    0.746820] acpi PNP0A03:00: fail to add MMCONFIG information, can't access extended PCI configuration space under this bridge.
[    0.751448] PCI host bridge to bus 0000:00
[    0.752940] pci_bus 0000:00: root bus resource [io  0x0000-0x0cf7 window]
[    0.755060] pci_bus 0000:00: root bus resource [io  0x0d00-0xffff window]
[    0.757269] pci_bus 0000:00: root bus resource [mem 0x000a0000-0x000bffff window]
[    0.760401] pci_bus 0000:00: root bus resource [mem 0x40000000-0xfdffffff window]
[    0.763445] pci_bus 0000:00: root bus resource [bus 00-ff]
[    0.768669] pci 0000:00:01.1: legacy IDE quirk: reg 0x10: [io  0x01f0-0x01f7]
[    0.770684] pci 0000:00:01.1: legacy IDE quirk: reg 0x14: [io  0x03f6]
[    0.772701] pci 0000:00:01.1: legacy IDE quirk: reg 0x18: [io  0x0170-0x0177]
[    0.774719] pci 0000:00:01.1: legacy IDE quirk: reg 0x1c: [io  0x0376]
[    0.802777] pci 0000:00:07.0: quirk: [io  0x4000-0x403f] claimed by PIIX4 ACPI
[    0.824820] pci 0000:00:07.0: quirk: [io  0x4100-0x410f] claimed by PIIX4 SMB
[    0.843613] ACPI: PCI Interrupt Link [LNKA] (IRQs 5 9 10 *11)
[    0.846701] ACPI: PCI Interrupt Link [LNKB] (IRQs 5 9 *10 11)
[    0.849215] ACPI: PCI Interrupt Link [LNKC] (IRQs 5 *9 10 11)
[    0.851727] ACPI: PCI Interrupt Link [LNKD] (IRQs 5 9 10 *11)
[    0.854451] ACPI: Enabled 2 GPEs in block 00 to 07
[    0.856654] vgaarb: setting as boot device: PCI:0000:00:02.0
[    0.858265] vgaarb: device added: PCI:0000:00:02.0,decodes=io+mem,owns=io+mem,locks=none
[    0.860744] vgaarb: loaded
[    0.861696] vgaarb: bridge control possible 0000:00:02.0
[    0.864247] SCSI subsystem initialized
[    0.865676] ACPI: bus type USB registered
[    0.867284] usbcore: registered new interface driver usbfs
[    0.869009] usbcore: registered new interface driver hub
[    0.871155] usbcore: registered new device driver usb
[    0.873424] PCI: Using ACPI for IRQ routing
[    0.875436] NetLabel: Initializing
[    0.876877] NetLabel:  domain hash size = 128
[    0.878560] NetLabel:  protocols = UNLABELED CIPSOv4
[    0.883778] NetLabel:  unlabeled traffic allowed by default
[    0.886123] amd_nb: Cannot enumerate AMD northbridges
[    0.888130] clocksource: Switched to clocksource kvm-clock
[    0.904461] AppArmor: AppArmor Filesystem Enabled
[    0.905903] pnp: PnP ACPI init
[    0.907862] pnp: PnP ACPI: found 3 devices
[    0.922125] clocksource: acpi_pm: mask: 0xffffff max_cycles: 0xffffff, max_idle_ns: 2085701024 ns
[    0.925905] NET: Registered protocol family 2
[    0.927695] TCP established hash table entries: 8192 (order: 4, 65536 bytes)
[    0.930456] TCP bind hash table entries: 8192 (order: 5, 131072 bytes)
[    0.932642] TCP: Hash tables configured (established 8192 bind 8192)
[    0.934913] UDP hash table entries: 512 (order: 2, 16384 bytes)
[    0.937590] UDP-Lite hash table entries: 512 (order: 2, 16384 bytes)
[    0.940047] NET: Registered protocol family 1
[    0.941761] pci 0000:00:00.0: Limiting direct PCI/PCI transfers
[    0.943306] pci 0000:00:01.0: Activating ISA DMA hang workarounds
[    0.945439] Unpacking initramfs...
[    1.414848] Freeing initrd memory: 14824K
[    1.416598] clocksource: tsc: mask: 0xffffffffffffffff max_cycles: 0x27178c274f7, max_idle_ns: 440795238189 ns
[    1.420225] platform rtc_cmos: registered platform RTC device (no PNP device found)
[    1.422982] Scanning for low memory corruption every 60 seconds
[    1.425393] audit: initializing netlink subsys (disabled)
[    1.427367] audit: type=2000 audit(1565879042.187:1): initialized
[    1.430127] Initialise system trusted keyring
[    1.432128] HugeTLB registered 2 MB page size, pre-allocated 0 pages
[    1.436977] zbud: loaded
[    1.438465] VFS: Disk quotas dquot_6.6.0
[    1.440191] VFS: Dquot-cache hash table entries: 512 (order 0, 4096 bytes)
[    1.442386] squashfs: version 4.0 (2009/01/31) Phillip Lougher
[    1.444582] fuse init (API version 7.23)
[    1.446030] Key type big_key registered
[    1.447250] Allocating IMA MOK and blacklist keyrings.
[    1.453140] Key type asymmetric registered
[    1.454416] Asymmetric key parser 'x509' registered
[    1.455775] Block layer SCSI generic (bsg) driver version 0.4 loaded (major 249)
[    1.458347] io scheduler noop registered
[    1.459627] io scheduler deadline registered (default)
[    1.461443] io scheduler cfq registered
[    1.463991] pci_hotplug: PCI Hot Plug PCI Core version: 0.5
[    1.465975] pciehp: PCI Express Hot Plug Controller Driver version: 0.4
[    1.468494] ACPI: AC Adapter [AC] (off-line)
[    1.470471] input: Power Button as /devices/LNXSYSTM:00/LNXPWRBN:00/input/input0
[    1.473856] ACPI: Power Button [PWRF]
[    1.475811] input: Sleep Button as /devices/LNXSYSTM:00/LNXSLPBN:00/input/input1
[    1.478853] ACPI: Sleep Button [SLPF]
[    1.480945] GHES: HEST is not enabled!
[    1.481933] ACPI: Battery Slot [BAT0] (battery present)
[    1.485105] Serial: 8250/16550 driver, 32 ports, IRQ sharing enabled
[    1.507597] 00:02: ttyS0 at I/O 0x3f8 (irq = 4, base_baud = 115200) is a 16550A
[    1.512624] Linux agpgart interface v0.103
[    1.517779] loop: module loaded
[    1.520020] scsi host0: ata_piix
[    1.522053] scsi host1: ata_piix
[    1.523447] ata1: PATA max UDMA/33 cmd 0x1f0 ctl 0x3f6 bmdma 0xd000 irq 14
[    1.525726] ata2: PATA max UDMA/33 cmd 0x170 ctl 0x376 bmdma 0xd008 irq 15
[    1.527982] libphy: Fixed MDIO Bus: probed
[    1.529681] tun: Universal TUN/TAP device driver, 1.6
[    1.531408] tun: (C) 1999-2004 Max Krasnyansky <maxk@qualcomm.com>
[    1.533410] PPP generic driver version 2.4.2
[    1.534807] ehci_hcd: USB 2.0 'Enhanced' Host Controller (EHCI) Driver
[    1.537023] ehci-pci: EHCI PCI platform driver
[    1.538533] ehci-platform: EHCI generic platform driver
[    1.539899] ohci_hcd: USB 1.1 'Open' Host Controller (OHCI) Driver
[    1.541583] ohci-pci: OHCI PCI platform driver
[    1.542836] ohci-platform: OHCI generic platform driver
[    1.544381] uhci_hcd: USB Universal Host Controller Interface driver
[    1.546340] i8042: PNP: PS/2 Controller [PNP0303:PS2K,PNP0f03:PS2M] at 0x60,0x64 irq 1,12
[    1.549402] serio: i8042 KBD port at 0x60,0x64 irq 1
[    1.550989] serio: i8042 AUX port at 0x60,0x64 irq 12
[    1.553587] mousedev: PS/2 mouse device common for all mice
[    1.556225] input: AT Translated Set 2 keyboard as /devices/platform/i8042/serio0/input/input2
[    1.560172] rtc_cmos rtc_cmos: rtc core: registered rtc_cmos as rtc0
[    1.562371] rtc_cmos rtc_cmos: alarms up to one day, 114 bytes nvram
[    1.564163] i2c /dev entries driver
[    1.565302] device-mapper: uevent: version 1.0.3
[    1.567080] device-mapper: ioctl: 4.34.0-ioctl (2015-10-28) initialised: dm-devel@redhat.com
[    1.569583] ledtrig-cpu: registered to indicate activity on CPUs
[    1.572753] NET: Registered protocol family 10
[    1.574603] NET: Registered protocol family 17
[    1.575858] Key type dns_resolver registered
[    1.578300] registered taskstats version 1
[    1.579537] Loading compiled-in X.509 certificates
[    1.581508] Loaded X.509 cert 'Build time autogenerated kernel key: 3e01e6df98386236d59670e6b2ed19a044d5324e'
[    1.584412] zswap: loaded using pool lzo/zbud
[    1.589428] Key type trusted registered
[    1.596641] Key type encrypted registered
[    1.598274] AppArmor: AppArmor sha1 policy hashing enabled
[    1.600155] ima: No TPM chip found, activating TPM-bypass!
[    1.602099] ima: Allocated hash algorithm: sha1
[    1.603680] evm: HMAC attrs: 0x1
[    1.605630]   Magic number: 15:446:384
[    1.607311] rtc_cmos rtc_cmos: setting system clock to 2019-08-15 14:23:57 UTC (1565879037)
[    1.610724] BIOS EDD facility v0.16 2004-Jun-25, 0 devices found
[    1.612768] EDD information not available.
[    1.697701] Freeing unused kernel memory: 1484K
[    1.701349] Write protecting the kernel read-only data: 14336k
[    1.707394] Freeing unused kernel memory: 1612K
[    1.711370] Freeing unused kernel memory: 64K
Loading, please wait...
starting version 229
[    1.753657] random: systemd-udevd: uninitialized urandom read (16 bytes read, 3 bits of entropy available)
[    1.756991] random: udevadm: uninitialized urandom read (16 bytes read, 3 bits of entropy available)
[    1.757086] random: udevadm: uninitialized urandom read (16 bytes read, 3 bits of entropy available)
[    1.774507] random: systemd-udevd: uninitialized urandom read (16 bytes read, 3 bits of entropy available)
[    1.781923] random: systemd-udevd: uninitialized urandom read (16 bytes read, 3 bits of entropy available)
[    1.788144] random: systemd-udevd: uninitialized urandom read (16 bytes read, 3 bits of entropy available)
[    1.788890] random: udevadm: uninitialized urandom read (16 bytes read, 3 bits of entropy available)
[    1.788984] random: udevadm: uninitialized urandom read (16 bytes read, 3 bits of entropy available)
[    1.789410] random: udevadm: uninitialized urandom read (16 bytes read, 3 bits of entropy available)
[    1.789540] random: udevadm: uninitialized urandom read (16 bytes read, 3 bits of entropy available)
[    1.854782] e1000: Intel(R) PRO/1000 Network Driver - version 7.3.21-k8-NAPI
[    1.856580] e1000: Copyright (c) 1999-2006 Intel Corporation.
[    1.859766] Fusion MPT base driver 3.04.20
[    1.861259] Copyright (c) 1999-2008 LSI Corporation
[    1.877473] Fusion MPT SPI Host driver 3.04.20
[    1.895536] AVX2 version of gcm_enc/dec engaged.
[    1.897694] AES CTR mode by8 optimization enabled
[    2.072637] input: ImExPS/2 Generic Explorer Mouse as /devices/platform/i8042/serio1/input/input4
[    2.338388] e1000 0000:00:03.0 eth0: (PCI:33MHz:32-bit) 02:c2:66:bb:16:6d
[    2.343108] e1000 0000:00:03.0 eth0: Intel(R) PRO/1000 Network Connection
[    2.350122] mptbase: ioc0: Initiating bringup
[    2.417729] ioc0: LSI53C1030 A0: Capabilities={Initiator}
[    2.591783] scsi host2: ioc0: LSI53C1030 A0, FwRev=00000000h, Ports=1, MaxQ=256, IRQ=20
[    2.709330] scsi 2:0:0:0: Direct-Access     VBOX     HARDDISK         1.0  PQ: 0 ANSI: 5
[    2.713227] scsi target2:0:0: Beginning Domain Validation
[    2.716280] scsi target2:0:0: Domain Validation skipping write tests
[    2.718161] scsi target2:0:0: Ending Domain Validation
[    2.719924] scsi target2:0:0: asynchronous
[    2.722373] scsi 2:0:1:0: Direct-Access     VBOX     HARDDISK         1.0  PQ: 0 ANSI: 5
[    2.725492] scsi target2:0:1: Beginning Domain Validation
[    2.728968] scsi target2:0:1: Domain Validation skipping write tests
[    2.731331] scsi target2:0:1: Ending Domain Validation
[    2.732985] scsi target2:0:1: asynchronous
[    2.747037] sd 2:0:0:0: Attached scsi generic sg0 type 0
[    2.750500] sd 2:0:0:0: [sda] 20971520 512-byte logical blocks: (10.7 GB/10.0 GiB)
[    2.783397] sd 2:0:1:0: [sdb] 20480 512-byte logical blocks: (10.5 MB/10.0 MiB)
[    2.787020] sd 2:0:1:0: Attached scsi generic sg1 type 0
[    2.788659] sd 2:0:1:0: [sdb] Write Protect is off
[    2.790656] sd 2:0:1:0: [sdb] Incomplete mode parameter data
[    2.792589] sd 2:0:1:0: [sdb] Assuming drive cache: write through
[    2.794733] sd 2:0:0:0: [sda] Write Protect is off
[    2.796405] sd 2:0:0:0: [sda] Incomplete mode parameter data
[    2.798339] sd 2:0:0:0: [sda] Assuming drive cache: write through
[    2.804714]  sda: sda1
[    2.807304] sd 2:0:1:0: [sdb] Attached SCSI disk
[    2.809734] sd 2:0:0:0: [sda] Attached SCSI disk
[    3.191559] e1000 0000:00:08.0 eth1: (PCI:33MHz:32-bit) 08:00:27:38:de:b1
[    3.198069] e1000 0000:00:08.0 eth1: Intel(R) PRO/1000 Network Connection
[    3.208907] e1000 0000:00:08.0 enp0s8: renamed from eth1
[    3.225260] e1000 0000:00:03.0 enp0s3: renamed from eth0
Begin: Loading essential drivers ... [    5.442870] md: linear personality registered for level -1
[    5.451531] md: multipath personality registered for level -4
[    5.459406] md: raid0 personality registered for level 0
[    5.465200] md: raid1 personality registered for level 1
[    5.540484] raid6: sse2x1   gen()  7122 MB/s
[    5.608982] raid6: sse2x1   xor()  5000 MB/s
[    5.676325] raid6: sse2x2   gen()  6304 MB/s
[    5.744672] raid6: sse2x2   xor()  5969 MB/s
[    5.812966] raid6: sse2x4   gen()  8487 MB/s
[    5.880310] raid6: sse2x4   xor()  5805 MB/s
[    5.948673] raid6: avx2x1   gen() 13583 MB/s
[    6.016989] raid6: avx2x2   gen()  8853 MB/s
[    6.084316] raid6: avx2x4   gen()  8362 MB/s
[    6.087911] raid6: using algorithm avx2x1 gen() 13583 MB/s
[    6.091512] raid6: using avx2x2 recovery algorithm
[    6.098512] xor: automatically using best checksumming function:
[    6.140419]    avx       : 10874.000 MB/sec
[    6.145191] async_tx: api initialized (async)
[    6.165609] md: raid6 personality registered for level 6
[    6.168220] md: raid5 personality registered for level 5
[    6.170747] md: raid4 personality registered for level 4
[    6.186475] md: raid10 personality registered for level 10
done.
Begin: Running /scripts/init-premount ... done.
Begin: Mounting root file system ... Begin: Running /scripts/local-top ... done.
Begin: Running /scripts/local-premount ... [    6.250694] Btrfs loaded
Scanning for Btrfs filesystems
done.
Warning: fsck not present, so skipping root file system
[    6.324418] EXT4-fs (sda1): mounted filesystem with ordered data mode. Opts: (null)
done.
Begin: Running /scripts/local-bottom ... done.
Begin: Running /scripts/init-bottom ... done.
[    6.649062] systemd[1]: systemd 229 running in system mode. (+PAM +AUDIT +SELINUX +IMA +APPARMOR +SMACK +SYSVINIT +UTMP +LIBCRYPTSETUP +GCRYPT +GNUTLS +ACL +XZ -LZ4 +SECCOMP +BLKID +ELFUTILS +KMOD -IDN)
[    6.662536] systemd[1]: Detected virtualization oracle.
[    6.666669] systemd[1]: Detected architecture x86-64.

Welcome to [1mUbuntu 16.04.6 LTS[0m!

[    6.676559] systemd[1]: Set hostname to <ubuntu-xenial>.
[    6.867291] systemd[1]: Listening on Journal Socket (/dev/log).
[[0;32m  OK  [0m] Listening on Journal Socket (/dev/log).
[    6.876606] systemd[1]: Listening on /dev/initctl Compatibility Named Pipe.
[[0;32m  OK  [0m] Listening on /dev/initctl Compatibility Named Pipe.
[    6.882650] systemd[1]: Listening on udev Control Socket.
[[0;32m  OK  [0m] Listening on udev Control Socket.
[    6.893293] systemd[1]: Reached target Encrypted Volumes.
[[0;32m  OK  [0m] Reached target Encrypted Volumes.
[    6.904668] systemd[1]: Listening on Device-mapper event daemon FIFOs.
[[0;32m  OK  [0m] Listening on Device-mapper event daemon FIFOs.
[    6.917150] systemd[1]: Reached target System Time Synchronized.
[[0;32m  OK  [0m] Reached target System Time Synchronized.
[    6.920621] systemd[1]: Created slice System Slice.
[[0;32m  OK  [0m] Created slice System Slice.
[    6.929349] systemd[1]: Created slice User and Session Slice.
[[0;32m  OK  [0m] Created slice User and Session Slice.
[    6.932368] systemd[1]: Created slice system-serial\x2dgetty.slice.
[[0;32m  OK  [0m] Created slice system-serial\x2dgetty.slice.
[    6.935926] systemd[1]: Listening on Syslog Socket.
[[0;32m  OK  [0m] Listening on Syslog Socket.
[    6.944747] systemd[1]: Started Forward Password Requests to Wall Directory Watch.
[[0;32m  OK  [0m] Started Forward Password Requests to Wall Directory Watch.
[    6.951745] systemd[1]: Reached target Slices.
[[0;32m  OK  [0m] Reached target Slices.
[    6.954580] systemd[1]: Listening on LVM2 poll daemon socket.
[[0;32m  OK  [0m] Listening on LVM2 poll daemon socket.
[    6.965069] systemd[1]: Listening on Journal Socket.
[[0;32m  OK  [0m] Listening on Journal Socket.
[    6.980974] systemd[1]: Starting Uncomplicated firewall...
         Starting Uncomplicated firewall...
[    6.985231] systemd[1]: Mounting POSIX Message Queue File System...
         Mounting POSIX Message Queue File System...
[    6.990445] systemd[1]: Starting Create list of required static device nodes for the current kernel...
         Starting Create list of required st... nodes for the current kernel...
[    6.999578] systemd[1]: Mounting Huge Pages File System...
         Mounting Huge Pages File System...
[    7.003639] systemd[1]: Starting Nameserver information manager...
         Starting Nameserver information manager...
[    7.008213] systemd[1]: Listening on Journal Audit Socket.
[[0;32m  OK  [0m] Listening on Journal Audit Socket.
[    7.016996] systemd[1]: Starting Journal Service...
         Starting Journal Service...
[    7.028548] systemd[1]: Reached target User and Group Name Lookups.
[[0;32m  OK  [0m] Reached target User and Group Name Lookups.
[    7.031828] systemd[1]: Reached target Swap.
[[0;32m  OK  [0m] Reached target Swap.
[    7.035057] systemd[1]: Started Trigger resolvconf update for networkd DNS.
[[0;32m  OK  [0m] Started Trigger resolvconf update for networkd DNS.
[    7.052650] systemd[1]: Listening on udev Kernel Socket.
[[0;32m  OK  [0m] Listening on udev Kernel Socket.
[    7.072511] systemd[1]: Starting Load Kernel Modules...
         Starting Load Kernel Modules...
[    7.076552] systemd[1]: Listening on LVM2 metadata daemon socket.
[[0;32m  OK  [0m] Listening on LVM2 metadata daemon socket.
[    7.079813] systemd[1]: Set up automount Arbitrary Executable File Formats File System Automount Point.
[[0;32m  OK  [0m] Set up automount Arbitrary Executab...ats File System Automount Point.
[    7.086728] systemd[1]: Starting Remount Root and Kernel File Systems...
[    7.090155] Loading iSCSI transport class v2.0-870.
         Starting Remount Root and Kernel File Systems...
[    7.094653] systemd[1]: Starting Set console keymap...
         Starting Set console keymap...
[    7.098674] EXT4-fs (sda1): re-mounted. Opts: (null)
[    7.104261] systemd[1]: Starting Monitoring of LVM2 mirrors, snapshots etc. using dmeventd or progress polling...
         Starting Monitoring of LVM2 mirrors... dmeventd or progress polling...
[    7.114215] systemd[1]: Mounting Debug File System...
         Mounting Debug File System...
[    7.127201] systemd[1]: Mounted Huge Pages File System.
[[0;32m  OK  [0m] Mounted Huge Pages File System.
[    7.134960] iscsi: registered transport (tcp)
[    7.137355] systemd[1]: Mounted Debug File System.
[[0;32m  OK  [0m] Mounted Debug File System.
[    7.140842] systemd[1]: Mounted POSIX Message Queue File System.
[[0;32m  OK  [0m] Mounted POSIX Message Queue File System.
[    7.145577] systemd[1]: Started Journal Service.
[[0;32m  OK  [0m] Started Journal Service.
[[0;32m  OK  [0m] Started Uncomplicated firewall.
[[0;32m  OK  [0m] Started Create list of required sta...ce nodes for the current kernel.
[[0;32m  OK  [0m] Started Remount Root and Kernel File Systems.
[[0;32m  OK  [0m] Started Nameserver information manager.
[    7.229998] iscsi: registered transport (iser)
[[0;32m  OK  [0m] Started Load Kernel Modules.
[[0;32m  OK  [0m] Started Set console keymap.
         Starting Apply Kernel Variables...
         Mounting FUSE Control File System...
[[0;32m  OK  [0m] Started LVM2 metadata daemon.
         Starting udev Coldplug all Devices...
         Starting Load/Save Random Seed...
         Starting Create Static Device Nodes in /dev...
         Starting Flush Journal to Persistent Storage...[    7.331219] random: nonblocking pool is initialized

[[0;32m  OK  [0m] Mounted FUSE Control File System.
[[0;32m  OK  [0m] Started Apply Kernel Variables.
[[0;32m  OK  [0m] Started Load/Save Random Seed.
[[0;32m  OK  [0m] Started Create Static Device Nodes in /dev.
[[0;32m  OK  [0m] Started udev Coldplug all Devices.
[[0;32m  OK  [0m] Started Flush Journal to Persistent Storage.
         Starting udev Kernel Device Manager...
[[0;32m  OK  [0m] Started udev Kernel Device Manager.
[[0;32m  OK  [0m] Started Dispatch Password Requests to Console Directory Watch.
[[0;32m  OK  [0m] Started Monitoring of LVM2 mirrors,...ng dmeventd or progress polling.
[[0;32m  OK  [0m] Reached target Local File Systems (Pre).
[[0;32m  OK  [0m] Reached target Local File Systems.
         Starting Set console font and keymap...
         Starting Initial cloud-init job (pre-networking)...
         Starting Tell Plymouth To Write Out Runtime Data...
         Starting Create Volatile Files and Directories...
         Starting LSB: AppArmor initialization...
[[0;32m  OK  [0m] Started Tell Plymouth To Write Out Runtime Data.
[[0;32m  OK  [0m] Started Create Volatile Files and Directories.
         Starting Update UTMP about System Boot/Shutdown...
[[0;32m  OK  [0m] Started Update UTMP about System Boot/Shutdown.
[[0;32m  OK  [0m] Started LSB: AppArmor initialization.
[[0;32m  OK  [0m] Found device /dev/ttyS0.
[[0;32m  OK  [0m] Listening on Load/Save RF Kill Switch Status /dev/rfkill Watch.
[[0;32m  OK  [0m] Found device 82540EM Gigabit Ethern...r (PRO/1000 MT Desktop Adapter).
[[0;32m  OK  [0m] Found device 82540EM Gigabit Ethern...r (PRO/1000 MT Desktop Adapter).
[    9.304818] cloud-init[490]: Cloud-init v. 19.1-1-gbaa47854-0ubuntu1~16.04.1 running 'init-local' at Thu, 15 Aug 2019 14:24:05 +0000. Up 8.66 seconds.
[[0;32m  OK  [0m] Started Set console font and keymap.
[[0;32m  OK  [0m] Started Initial cloud-init job (pre-networking).
[[0;32m  OK  [0m] Reached target Network (Pre).
[[0;32m  OK  [0m] Started ifup for enp0s3.
[[0;32m  OK  [0m] Started ifup for enp0s8.
         Starting Raise network interfaces...
[[0;32m  OK  [0m] Created slice system-getty.slice.
[[0;32m  OK  [0m] Started Raise network interfaces.
         Starting Initial cloud-init job (metadata service crawler)...
[[0;32m  OK  [0m] Reached target Network.
[   11.386647] cloud-init[1085]: Cloud-init v. 19.1-1-gbaa47854-0ubuntu1~16.04.1 running 'init' at Thu, 15 Aug 2019 14:24:06 +0000. Up 10.55 seconds.
[   11.396970] cloud-init[1085]: ci-info: ++++++++++++++++++++++++++++++++++++++Net device info+++++++++++++++++++++++++++++++++++++++
[   11.406860] cloud-init[1085]: ci-info: +--------+------+-----------------------------+---------------+--------+-------------------+
[   11.414442] cloud-init[1085]: ci-info: | Device |  Up  |           Address           |      Mask     | Scope  |     Hw-Address    |
[   11.420442] cloud-init[1085]: ci-info: +--------+------+-----------------------------+---------------+--------+-------------------+
[   11.424912] cloud-init[1085]: ci-info: | enp0s3 | True |          10.0.2.15          | 255.255.255.0 | global | 02:c2:66:bb:16:6d |
[   11.429406] cloud-init[1085]: ci-info: | enp0s3 | True |  fe80::c2:66ff:febb:166d/64 |       .       |  link  | 02:c2:66:bb:16:6d |
[   11.433554] cloud-init[1085]: ci-info: | enp0s8 | True |        192.168.10.150       | 255.255.255.0 | global | 08:00:27:38:de:b1 |
[   11.438215] cloud-init[1085]: ci-info: | enp0s8 | True | fe80::a00:27ff:fe38:deb1/64 |       .       |  link  | 08:00:27:38:de:b1 |
[   11.443441] cloud-init[1085]: ci-info: |   lo   | True |          127.0.0.1          |   255.0.0.0   |  host  |         .         |
[   11.446596] cloud-init[1085]: ci-info: |   lo   | True |           ::1/128           |       .       |  host  |         .         |
[   11.449903] cloud-init[1085]: ci-info: +--------+------+-----------------------------+---------------+--------+-------------------+
[   11.452136] cloud-init[1085]: ci-info: ++++++++++++++++++++++++++++Route IPv4 info++++++++++++++++++++++++++++
[   11.456081] cloud-init[1085]: ci-info: +-------+--------------+----------+---------------+-----------+-------+
[   11.460745] cloud-init[1085]: ci-info: | Route | Destination  | Gateway  |    Genmask    | Interface | Flags |
[   11.462707] cloud-init[1085]: ci-info: +-------+--------------+----------+---------------+-----------+-------+
[   11.473116] cloud-init[1085]: ci-info: |   0   |   0.0.0.0    | 10.0.2.2 |    0.0.0.0    |   enp0s3  |   UG  |
[   11.475634] cloud-init[1085]: ci-info: |   1   |   10.0.2.0   | 0.0.0.0  | 255.255.255.0 |   enp0s3  |   U   |
[   11.478807] cloud-init[1085]: ci-info: |   2   | 192.168.10.0 | 0.0.0.0  | 255.255.255.0 |   enp0s8  |   U   |
[   11.485244] cloud-init[1085]: ci-info: +-------+--------------+----------+---------------+-----------+-------+
[   11.489426] cloud-init[1085]: ci-info: +++++++++++++++++++Route IPv6 info+++++++++++++++++++
[   11.493037] cloud-init[1085]: ci-info: +-------+-------------+---------+-----------+-------+
[   11.497518] cloud-init[1085]: ci-info: | Route | Destination | Gateway | Interface | Flags |
[   11.500728] cloud-init[1085]: ci-info: +-------+-------------+---------+-----------+-------+
[   11.504380] cloud-init[1085]: ci-info: |   0   |  fe80::/64  |    ::   |   enp0s8  |   U   |
[   11.508051] cloud-init[1085]: ci-info: |   1   |  fe80::/64  |    ::   |   enp0s3  |   U   |
[   11.512807] cloud-init[1085]: ci-info: |   4   |   ff00::/8  |    ::   |   enp0s8  |   U   |
[   11.517389] cloud-init[1085]: ci-info: |   5   |   ff00::/8  |    ::   |   enp0s3  |   U   |
[   11.519838] cloud-init[1085]: ci-info: +-------+-------------+---------+-----------+-------+
[[0;32m  OK  [0m] Started Initial cloud-init job (metadata service crawler).
[[0;32m  OK  [0m] Reached target System Initialization.
         Starting Socket activation for snappy daemon.
[[0;32m  OK  [0m] Listening on UUID daemon activation socket.
[[0;32m  OK  [0m] Listening on ACPID Listen Socket.
[[0;32m  OK  [0m] Started Daily apt download activities.
[[0;32m  OK  [0m] Started Daily apt upgrade and clean activities.
[[0;32m  OK  [0m] Started ACPI Events Check.
[[0;32m  OK  [0m] Reached target Paths.
[[0;32m  OK  [0m] Started Daily Cleanup of Temporary Directories.
[[0;32m  OK  [0m] Reached target Timers.
[[0;32m  OK  [0m] Listening on D-Bus System Message Bus Socket.
         Starting LXD - unix socket.
[[0;32m  OK  [0m] Reached target Cloud-config availability.
[[0;32m  OK  [0m] Reached target Network is Online.
         Starting iSCSI initiator daemon (iscsid)...
[[0;32m  OK  [0m] Listening on Socket activation for snappy daemon.
[[0;32m  OK  [0m] Listening on LXD - unix socket.
[[0;32m  OK  [0m] Started iSCSI initiator daemon (iscsid).
         Starting Login to default iSCSI targets...
[[0;32m  OK  [0m] Reached target Sockets.
[[0;32m  OK  [0m] Reached target Basic System.
         Starting LSB: MD monitoring daemon...
         Starting System Logging Service...
[[0;32m  OK  [0m] Started ACPI event daemon.
         Starting LXD - container startup/shutdown...
         Starting Login Service...
[[0;32m  OK  [0m] Started D-Bus System Message Bus.
[[0;32m  OK  [0m] Started Regular background program processing daemon.
         Starting Accounts Service...
         Starting Virtualbox guest utils...
         Starting /etc/rc.local Compatibility...
         Starting OpenBSD Secure Shell server...
[[0;32m  OK  [0m] Started Deferred execution scheduler.
         Starting LSB: Record successful boot for GRUB...
[[0;32m  OK  [0m] Started FUSE filesystem for LXC.
         Starting Snappy daemon...
[[0;32m  OK  [0m] Started System Logging Service.
[[0;32m  OK  [0m] Started /etc/rc.local Compatibility.
[[0;32m  OK  [0m] Started Login to default iSCSI targets.
[[0;32m  OK  [0m] Started OpenBSD Secure Shell server.
[[0;32m  OK  [0m] Started LSB: MD monitoring daemon.
[[0;32m  OK  [0m] Started LXD - container startup/shutdown.
[[0;32m  OK  [0m] Started LSB: Record successful boot for GRUB.
[[0;32m  OK  [0m] Started Login Service.
[[0;32m  OK  [0m] Started Unattended Upgrades Shutdown.
         Starting Authenticate and Authorize Users to Run Privileged Tasks...
[[0;32m  OK  [0m] Reached target Remote File Systems (Pre).
[[0;32m  OK  [0m] Reached target Remote File Systems.
         Starting LSB: automatic crash report generation...
         Starting LSB: Set the CPU Frequency Scaling governor to "ondemand"...
         Starting LSB: daemon to balance interrupts for SMP systems...
         Starting Permit User Sessions...
[[0;32m  OK  [0m] Started Permit User Sessions.
[[0;32m  OK  [0m] Started Authenticate and Authorize Users to Run Privileged Tasks.
[[0;32m  OK  [0m] Started Accounts Service.
[[0;32m  OK  [0m] Started Virtualbox guest utils.
         Starting Hold until boot process finishes up...
         Starting Terminate Plymouth Boot Screen...
[[0;32m  OK  [0m] Started LSB: automatic crash report generation.
[[0;32m  OK  [0m] Started LSB: Set the CPU Frequency Scaling governor to "ondemand".
[[0;32m  OK  [0m] Started LSB: daemon to balance interrupts for SMP systems.
[[0;32m  OK  [0m] Started Hold until boot process finishes up.
[[0;32m  OK  [0m] Started Terminate Plymouth Boot Screen.
[[0;32m  OK  [0m] Started Serial Getty on ttyS0.
         Starting Set console scheme...
[[0;32m  OK  [0m] Started Getty on tty1.
[[0;32m  OK  [0m] Reached target Login Prompts.
[[0;32m  OK  [0m] Started Set console scheme.
[[0;32m  OK  [0m] Started Snappy daemon.
         Starting Wait until snapd is fully seeded...
[[0;32m  OK  [0m] Created slice User Slice of vagrant.
         Starting User Manager for UID 1000...
[[0;32m  OK  [0m] Started Session 1 of user vagrant.
[[0;32m  OK  [0m] Started Wait until snapd is fully seeded.
         Starting Apply the settings specified in cloud-config...
[[0;32m  OK  [0m] Reached target Multi-User System.
[[0;32m  OK  [0m] Reached target Graphical Interface.
         Starting Update UTMP about System Runlevel Changes...
[[0;32m  OK  [0m] Started User Manager for UID 1000.
[[0;32m  OK  [0m] Started Update UTMP about System Runlevel Changes.
[   13.511966] cloud-init[1361]: Cloud-init v. 19.1-1-gbaa47854-0ubuntu1~16.04.1 running 'modules:config' at Thu, 15 Aug 2019 14:24:09 +0000. Up 13.25 seconds.
[[0;32m  OK  [0m] Started Apply the settings specified in cloud-config.
         Starting Execute cloud user/final scripts...
[   14.597334] cloud-init[1436]: Cloud-init v. 19.1-1-gbaa47854-0ubuntu1~16.04.1 running 'modules:final' at Thu, 15 Aug 2019 14:24:10 +0000. Up 14.35 seconds.
[   14.606112] cloud-init[1436]: Cloud-init v. 19.1-1-gbaa47854-0ubuntu1~16.04.1 finished at Thu, 15 Aug 2019 14:24:10 +0000. Datasource DataSourceNoCloud [seed=/dev/sdb][dsmode=net].  Up 14.57 seconds
[[0;32m  OK  [0m] Started Execute cloud user/final scripts.
[[0;32m  OK  [0m] Reached target Cloud-init target.

Ubuntu 16.04.6 LTS ubuntu-xenial ttyS0

ubuntu-xenial login: 